<?xml version='1.0' encoding='utf-8'?>
<testsuites tests="3" errors="0" failures="0"><testsuite name="tps" tests="3" errors="0" failures="0" skipped="0" time="0.030958175659179688"><testcase name="tests/close_check.py" classname="tps" time="0.030958175659179688"><system-out>All file descriptors closed</system-out></testcase><testcase name="tests/execve_check.py" classname="tps" time="0.029199600219726562"><system-out>['execve("/workspaces/ece353-labs/tps/build/tps", ["/workspaces/ece353-labs/tps/buil"...], 0xffffe16c7010 /* 31 vars */) = 0', '+++ exited with 0 +++']
execve Not Used</system-out></testcase><testcase name="tests/ps_compare.py" classname="tps" time="0.02429652214050293"><system-out>All lines match between 'ps -eo pid:5,ucmd' and '/workspaces/ece353-labs/tps/build/tps'</system-out></testcase></testsuite></testsuites>